<?xml version="1.0" encoding="UTF-8"?>
<!-- Generated by org.testng.reporters.JUnitXMLReporter -->
<testsuite ignored="0" hostname="DESKTOP-V7QB8EL" failures="1" tests="2" name="Test" time="209.823" errors="0" timestamp="2022-03-08T09:27:14 COT">
  <testcase classname="semilleros.RunPrueba" name="claroUpdateAdress" time="147.604"/>
  <testcase classname="semilleros.RunPrueba" name="claroPayTC" time="53.453">
    <failure type="com.itextpdf.text.DocumentException" message="The document has been closed. You can&amp;apos;t add any Elements.">
      <![CDATA[com.itextpdf.text.DocumentException: The document has been closed. You can't add any Elements.
at com.itextpdf.text.Document.add(Document.java:267)
at utilidades.GenerarReportePdf.cerrarPlantilla(GenerarReportePdf.java:369)
at semilleros.RunPrueba.claroPayTC(RunPrueba.java:148)
at java.base/java.util.ArrayList.forEach(ArrayList.java:1511)
... Removed 27 stack frames]]>
    </failure>
  </testcase> <!-- claroPayTC -->
</testsuite> <!-- Test -->
