<?xml version="1.0" encoding="UTF-8"?>
<testng-results ignored="0" total="2" passed="1" failed="1" skipped="0">
  <reporter-output>
  </reporter-output>
  <suite started-at="2022-03-08T09:23:44 COT" name="Suite" finished-at="2022-03-08T09:27:14 COT" duration-ms="209823">
    <groups>
    </groups>
    <test started-at="2022-03-08T09:23:44 COT" name="Test" finished-at="2022-03-08T09:27:14 COT" duration-ms="209823">
      <class name="semilleros.RunPrueba">
        <test-method is-config="true" signature="beforeClass(java.lang.String, java.lang.String, java.lang.String, java.lang.String, java.lang.String, java.lang.String, java.lang.String, java.lang.String, java.lang.String)[pri:0, instance:semilleros.RunPrueba@5be6e01c]" started-at="2022-03-08T09:23:44 COT" name="beforeClass" finished-at="2022-03-08T09:23:52 COT" duration-ms="8280" status="PASS">
          <params>
            <param index="0">
              <value>
                <![CDATA[./output/]]>
              </value>
            </param>
            <param index="1">
              <value>
                <![CDATA[./imagenes/logo_periferia.png]]>
              </value>
            </param>
            <param index="2">
              <value>
                <![CDATA[Android]]>
              </value>
            </param>
            <param index="3">
              <value>
                <![CDATA[75b45bd0]]>
              </value>
            </param>
            <param index="4">
              <value>
                <![CDATA[10]]>
              </value>
            </param>
            <param index="5">
              <value>
                <![CDATA[com.clarocolombia.miclaro.debug]]>
              </value>
            </param>
            <param index="6">
              <value>
                <![CDATA[com.clarocolombia.miclaro.activities.Splash]]>
              </value>
            </param>
            <param index="7">
              <value>
                <![CDATA[true]]>
              </value>
            </param>
            <param index="8">
              <value>
                <![CDATA[true]]>
              </value>
            </param>
          </params>
          <reporter-output>
          </reporter-output>
        </test-method> <!-- beforeClass -->
        <test-method signature="claroUpdateAdress(java.lang.String, java.lang.String, java.lang.String, java.lang.String, java.lang.String, java.lang.String, java.lang.String, java.lang.String, java.lang.String, java.lang.String, java.lang.String, java.lang.String, java.lang.String, java.lang.String, java.lang.String, java.lang.String, java.lang.String, java.lang.String)[pri:0, instance:semilleros.RunPrueba@5be6e01c]" started-at="2022-03-08T09:23:52 COT" name="claroUpdateAdress" data-provider="formulario" finished-at="2022-03-08T09:26:20 COT" duration-ms="147604" status="PASS">
          <params>
            <param index="0">
              <value>
                <![CDATA[Si]]>
              </value>
            </param>
            <param index="1">
              <value>
                <![CDATA[Si]]>
              </value>
            </param>
            <param index="2">
              <value>
                <![CDATA[Si]]>
              </value>
            </param>
            <param index="3">
              <value>
                <![CDATA[pruebitasportal202180@yoggm.com]]>
              </value>
            </param>
            <param index="4">
              <value>
                <![CDATA[Claro1234]]>
              </value>
            </param>
            <param index="5">
              <value>
                <![CDATA[BOGOTA]]>
              </value>
            </param>
            <param index="6">
              <value>
                <![CDATA[BOGOTÁ, D.C.]]>
              </value>
            </param>
            <param index="7">
              <value>
                <![CDATA[SUBA]]>
              </value>
            </param>
            <param index="8">
              <value>
                <![CDATA[CARRERA]]>
              </value>
            </param>
            <param index="9">
              <value>
                <![CDATA[112]]>
              </value>
            </param>
            <param index="10">
              <value>
                <![CDATA[A]]>
              </value>
            </param>
            <param index="11">
              <value>
                <![CDATA[151]]>
              </value>
            </param>
            <param index="12">
              <value>
                <![CDATA[D]]>
              </value>
            </param>
            <param index="13">
              <value>
                <![CDATA[52]]>
              </value>
            </param>
            <param index="14">
              <value>
                <![CDATA[APARTAMENTO]]>
              </value>
            </param>
            <param index="15">
              <value>
                <![CDATA[12]]>
              </value>
            </param>
            <param index="16">
              <value>
                <![CDATA[BUZON]]>
              </value>
            </param>
            <param index="17">
              <value>
                <![CDATA[5]]>
              </value>
            </param>
          </params>
          <reporter-output>
          </reporter-output>
        </test-method> <!-- claroUpdateAdress -->
        <test-method signature="claroPayTC(java.lang.String, java.lang.String, java.lang.String, java.lang.String, java.lang.String, java.lang.String, java.lang.String, java.lang.String, java.lang.String, java.lang.String, java.lang.String)[pri:1, instance:semilleros.RunPrueba@5be6e01c]" started-at="2022-03-08T09:26:20 COT" name="claroPayTC" data-provider="TarjetaCr" finished-at="2022-03-08T09:27:14 COT" duration-ms="53453" status="FAIL">
          <params>
            <param index="0">
              <value>
                <![CDATA[Si]]>
              </value>
            </param>
            <param index="1">
              <value>
                <![CDATA[Si]]>
              </value>
            </param>
            <param index="2">
              <value>
                <![CDATA[Si]]>
              </value>
            </param>
            <param index="3">
              <value>
                <![CDATA[pruebitasportal202180@yoggm.com]]>
              </value>
            </param>
            <param index="4">
              <value>
                <![CDATA[Claro1234]]>
              </value>
            </param>
            <param index="5">
              <value>
                <![CDATA[4850674745878300]]>
              </value>
            </param>
            <param index="6">
              <value>
                <![CDATA[305]]>
              </value>
            </param>
            <param index="7">
              <value>
                <![CDATA[Miguel Ortega]]>
              </value>
            </param>
            <param index="8">
              <value>
                <![CDATA[123456789]]>
              </value>
            </param>
            <param index="9">
              <value>
                <![CDATA[3001111111]]>
              </value>
            </param>
            <param index="10">
              <value>
                <![CDATA[prueba@mail.com]]>
              </value>
            </param>
          </params>
          <exception class="com.itextpdf.text.DocumentException">
            <message>
              <![CDATA[The document has been closed. You can't add any Elements.]]>
            </message>
            <full-stacktrace>
              <![CDATA[com.itextpdf.text.DocumentException: The document has been closed. You can't add any Elements.
at com.itextpdf.text.Document.add(Document.java:267)
at utilidades.GenerarReportePdf.cerrarPlantilla(GenerarReportePdf.java:369)
at semilleros.RunPrueba.claroPayTC(RunPrueba.java:148)
at java.base/jdk.internal.reflect.NativeMethodAccessorImpl.invoke0(Native Method)
at java.base/jdk.internal.reflect.NativeMethodAccessorImpl.invoke(NativeMethodAccessorImpl.java:77)
at java.base/jdk.internal.reflect.DelegatingMethodAccessorImpl.invoke(DelegatingMethodAccessorImpl.java:43)
at java.base/java.lang.reflect.Method.invoke(Method.java:568)
at org.testng.internal.MethodInvocationHelper.invokeMethod(MethodInvocationHelper.java:134)
at org.testng.internal.TestInvoker.invokeMethod(TestInvoker.java:597)
at org.testng.internal.TestInvoker.invokeTestMethod(TestInvoker.java:173)
at org.testng.internal.MethodRunner.runInSequence(MethodRunner.java:46)
at org.testng.internal.TestInvoker$MethodInvocationAgent.invoke(TestInvoker.java:816)
at org.testng.internal.TestInvoker.invokeTestMethods(TestInvoker.java:146)
at org.testng.internal.TestMethodWorker.invokeTestMethods(TestMethodWorker.java:146)
at org.testng.internal.TestMethodWorker.run(TestMethodWorker.java:128)
at java.base/java.util.ArrayList.forEach(ArrayList.java:1511)
at org.testng.TestRunner.privateRun(TestRunner.java:766)
at org.testng.TestRunner.run(TestRunner.java:587)
at org.testng.SuiteRunner.runTest(SuiteRunner.java:384)
at org.testng.SuiteRunner.runSequentially(SuiteRunner.java:378)
at org.testng.SuiteRunner.privateRun(SuiteRunner.java:337)
at org.testng.SuiteRunner.run(SuiteRunner.java:286)
at org.testng.SuiteRunnerWorker.runSuite(SuiteRunnerWorker.java:53)
at org.testng.SuiteRunnerWorker.run(SuiteRunnerWorker.java:96)
at org.testng.TestNG.runSuitesSequentially(TestNG.java:1187)
at org.testng.TestNG.runSuitesLocally(TestNG.java:1109)
at org.testng.TestNG.runSuites(TestNG.java:1039)
at org.testng.TestNG.run(TestNG.java:1007)
at org.testng.remote.AbstractRemoteTestNG.run(AbstractRemoteTestNG.java:115)
at org.testng.remote.RemoteTestNG.initAndRun(RemoteTestNG.java:251)
at org.testng.remote.RemoteTestNG.main(RemoteTestNG.java:77)
]]>
            </full-stacktrace>
          </exception> <!-- com.itextpdf.text.DocumentException -->
          <reporter-output>
          </reporter-output>
        </test-method> <!-- claroPayTC -->
      </class> <!-- semilleros.RunPrueba -->
    </test> <!-- Test -->
  </suite> <!-- Suite -->
</testng-results>
